TN:
SF:index.js
FN:58,(anonymous_0)
FN:63,(anonymous_1)
FN:72,(anonymous_2)
FN:79,(anonymous_3)
FN:83,(anonymous_4)
FN:89,(anonymous_5)
FN:94,(anonymous_6)
FN:99,(anonymous_7)
FNF:8
FNH:0
FNDA:0,(anonymous_0)
FNDA:0,(anonymous_1)
FNDA:0,(anonymous_2)
FNDA:0,(anonymous_3)
FNDA:0,(anonymous_4)
FNDA:0,(anonymous_5)
FNDA:0,(anonymous_6)
FNDA:0,(anonymous_7)
DA:22,0
DA:25,0
DA:27,0
DA:28,0
DA:29,0
DA:37,0
DA:38,0
DA:39,0
DA:40,0
DA:43,0
DA:46,0
DA:47,0
DA:48,0
DA:49,0
DA:50,0
DA:51,0
DA:52,0
DA:53,0
DA:54,0
DA:55,0
DA:58,0
DA:59,0
DA:63,0
DA:64,0
DA:65,0
DA:72,0
DA:73,0
DA:76,0
DA:79,0
DA:80,0
DA:83,0
DA:84,0
DA:85,0
DA:89,0
DA:90,0
DA:91,0
DA:94,0
DA:95,0
DA:99,0
DA:100,0
LF:40
LH:0
BRDA:67,0,0,0
BRDA:67,0,1,0
BRDA:76,1,0,0
BRDA:76,1,1,0
BRF:4
BRH:0
end_of_record
TN:
SF:config/db.js
FN:5,(anonymous_0)
FN:6,(anonymous_1)
FNF:2
FNH:0
FNDA:0,(anonymous_0)
FNDA:0,(anonymous_1)
DA:5,0
DA:6,0
DA:8,0
LF:3
LH:0
BRF:0
BRH:0
end_of_record
TN:
SF:controllers/alertController.js
FN:4,(anonymous_0)
FN:37,(anonymous_1)
FN:61,(anonymous_2)
FN:72,(anonymous_3)
FN:87,(anonymous_4)
FN:107,(anonymous_5)
FN:121,(anonymous_6)
FN:167,generateAlertsFromSoilData
FN:259,(anonymous_8)
FN:260,(anonymous_9)
FNF:10
FNH:0
FNDA:0,(anonymous_0)
FNDA:0,(anonymous_1)
FNDA:0,(anonymous_2)
FNDA:0,(anonymous_3)
FNDA:0,(anonymous_4)
FNDA:0,(anonymous_5)
FNDA:0,(anonymous_6)
FNDA:0,generateAlertsFromSoilData
FNDA:0,(anonymous_8)
FNDA:0,(anonymous_9)
DA:4,0
DA:5,0
DA:6,0
DA:9,0
DA:10,0
DA:11,0
DA:14,0
DA:15,0
DA:18,0
DA:28,0
DA:29,0
DA:31,0
DA:33,0
DA:37,0
DA:38,0
DA:39,0
DA:42,0
DA:43,0
DA:44,0
DA:47,0
DA:48,0
DA:51,0
DA:55,0
DA:57,0
DA:61,0
DA:62,0
DA:63,0
DA:66,0
DA:68,0
DA:72,0
DA:73,0
DA:74,0
DA:77,0
DA:78,0
DA:81,0
DA:83,0
DA:87,0
DA:88,0
DA:89,0
DA:91,0
DA:97,0
DA:98,0
DA:101,0
DA:103,0
DA:107,0
DA:108,0
DA:109,0
DA:111,0
DA:112,0
DA:115,0
DA:117,0
DA:121,0
DA:122,0
DA:123,0
DA:126,0
DA:127,0
DA:128,0
DA:131,0
DA:132,0
DA:136,0
DA:141,0
DA:142,0
DA:146,0
DA:149,0
DA:150,0
DA:151,0
DA:156,0
DA:157,0
DA:160,0
DA:162,0
DA:168,0
DA:170,0
DA:172,0
DA:173,0
DA:176,0
DA:177,0
DA:178,0
DA:179,0
DA:196,0
DA:197,0
DA:198,0
DA:200,0
DA:216,0
DA:217,0
DA:218,0
DA:219,0
DA:237,0
DA:238,0
DA:239,0
DA:240,0
DA:241,0
DA:258,0
DA:259,0
DA:260,0
DA:262,0
DA:263,0
DA:279,0
LF:97
LH:0
BRDA:10,0,0,0
BRDA:10,0,1,0
BRDA:14,1,0,0
BRDA:14,1,1,0
BRDA:43,2,0,0
BRDA:43,2,1,0
BRDA:47,3,0,0
BRDA:47,3,1,0
BRDA:77,4,0,0
BRDA:77,4,1,0
BRDA:97,5,0,0
BRDA:97,5,1,0
BRDA:111,6,0,0
BRDA:111,6,1,0
BRDA:127,7,0,0
BRDA:127,7,1,0
BRDA:131,8,0,0
BRDA:131,8,1,0
BRDA:141,9,0,0
BRDA:141,9,1,0
BRDA:170,10,0,0
BRDA:170,10,1,0
BRDA:176,11,0,0
BRDA:176,11,1,0
BRDA:176,12,0,0
BRDA:176,12,1,0
BRDA:178,13,0,0
BRDA:178,13,1,0
BRDA:196,14,0,0
BRDA:196,14,1,0
BRDA:196,15,0,0
BRDA:196,15,1,0
BRDA:196,15,2,0
BRDA:197,16,0,0
BRDA:197,16,1,0
BRDA:198,17,0,0
BRDA:198,17,1,0
BRDA:216,18,0,0
BRDA:216,18,1,0
BRDA:216,19,0,0
BRDA:216,19,1,0
BRDA:218,20,0,0
BRDA:218,20,1,0
BRDA:237,21,0,0
BRDA:237,21,1,0
BRDA:237,22,0,0
BRDA:237,22,1,0
BRDA:239,23,0,0
BRDA:239,23,1,0
BRDA:240,24,0,0
BRDA:240,24,1,0
BRDA:259,25,0,0
BRDA:259,25,1,0
BRDA:260,26,0,0
BRDA:260,26,1,0
BRDA:262,27,0,0
BRDA:262,27,1,0
BRDA:262,28,0,0
BRDA:262,28,1,0
BRF:59
BRH:0
end_of_record
TN:
SF:controllers/authController.js
FN:5,(anonymous_0)
FN:53,(anonymous_1)
FNF:2
FNH:0
FNDA:0,(anonymous_0)
FNDA:0,(anonymous_1)
DA:5,0
DA:6,0
DA:7,0
DA:10,0
DA:11,0
DA:12,0
DA:16,0
DA:17,0
DA:20,0
DA:28,0
DA:31,0
DA:37,0
DA:49,0
DA:53,0
DA:54,0
DA:55,0
DA:58,0
DA:59,0
DA:60,0
DA:64,0
DA:65,0
DA:66,0
DA:70,0
DA:76,0
DA:90,0
LF:25
LH:0
BRDA:11,0,0,0
BRDA:11,0,1,0
BRDA:59,1,0,0
BRDA:59,1,1,0
BRDA:65,2,0,0
BRDA:65,2,1,0
BRF:6
BRH:0
end_of_record
TN:
SF:controllers/backgroundProcessingController.js
FN:5,(anonymous_0)
FN:46,(anonymous_1)
FN:88,(anonymous_2)
FN:129,(anonymous_3)
FN:147,(anonymous_4)
FN:164,(anonymous_5)
FN:181,(anonymous_6)
FN:205,(anonymous_7)
FNF:8
FNH:0
FNDA:0,(anonymous_0)
FNDA:0,(anonymous_1)
FNDA:0,(anonymous_2)
FNDA:0,(anonymous_3)
FNDA:0,(anonymous_4)
FNDA:0,(anonymous_5)
FNDA:0,(anonymous_6)
FNDA:0,(anonymous_7)
DA:5,0
DA:6,0
DA:7,0
DA:9,0
DA:10,0
DA:14,0
DA:15,0
DA:17,0
DA:18,0
DA:21,0
DA:22,0
DA:25,0
DA:31,0
DA:37,0
DA:38,0
DA:46,0
DA:47,0
DA:48,0
DA:50,0
DA:51,0
DA:55,0
DA:56,0
DA:58,0
DA:59,0
DA:62,0
DA:63,0
DA:66,0
DA:72,0
DA:79,0
DA:80,0
DA:88,0
DA:89,0
DA:90,0
DA:92,0
DA:93,0
DA:97,0
DA:98,0
DA:100,0
DA:101,0
DA:104,0
DA:105,0
DA:108,0
DA:114,0
DA:120,0
DA:121,0
DA:129,0
DA:130,0
DA:131,0
DA:133,0
DA:138,0
DA:139,0
DA:147,0
DA:148,0
DA:149,0
DA:151,0
DA:155,0
DA:156,0
DA:164,0
DA:165,0
DA:166,0
DA:168,0
DA:172,0
DA:173,0
DA:181,0
DA:182,0
DA:185,0
DA:190,0
DA:196,0
DA:197,0
DA:205,0
DA:206,0
DA:207,0
DA:209,0
DA:210,0
DA:213,0
DA:215,0
DA:216,0
DA:219,0
DA:220,0
DA:221,0
DA:223,0
DA:224,0
DA:227,0
DA:228,0
DA:232,0
DA:233,0
DA:236,0
DA:242,0
DA:243,0
LF:89
LH:0
BRDA:7,0,0,0
BRDA:9,1,0,0
BRDA:9,1,1,0
BRDA:17,2,0,0
BRDA:17,2,1,0
BRDA:21,3,0,0
BRDA:21,3,1,0
BRDA:48,4,0,0
BRDA:50,5,0,0
BRDA:50,5,1,0
BRDA:58,6,0,0
BRDA:58,6,1,0
BRDA:62,7,0,0
BRDA:62,7,1,0
BRDA:92,8,0,0
BRDA:92,8,1,0
BRDA:100,9,0,0
BRDA:100,9,1,0
BRDA:104,10,0,0
BRDA:104,10,1,0
BRDA:209,11,0,0
BRDA:209,11,1,0
BRDA:209,12,0,0
BRDA:209,12,1,0
BRDA:216,13,0,0
BRDA:219,14,0,0
BRDA:219,14,1,0
BRDA:223,15,0,0
BRDA:223,15,1,0
BRDA:227,16,0,0
BRDA:227,16,1,0
BRF:31
BRH:0
end_of_record
TN:
SF:controllers/imageAnalysisController.js
FN:8,(anonymous_0)
FN:15,(anonymous_1)
FN:26,(anonymous_2)
FN:42,(anonymous_3)
FN:78,(anonymous_4)
FN:112,(anonymous_5)
FN:145,(anonymous_6)
FN:179,(anonymous_7)
FN:188,(anonymous_8)
FN:198,(anonymous_9)
FN:208,(anonymous_10)
FN:209,(anonymous_11)
FN:214,(anonymous_12)
FN:231,(anonymous_13)
FN:248,(anonymous_14)
FNF:15
FNH:0
FNDA:0,(anonymous_0)
FNDA:0,(anonymous_1)
FNDA:0,(anonymous_2)
FNDA:0,(anonymous_3)
FNDA:0,(anonymous_4)
FNDA:0,(anonymous_5)
FNDA:0,(anonymous_6)
FNDA:0,(anonymous_7)
FNDA:0,(anonymous_8)
FNDA:0,(anonymous_9)
FNDA:0,(anonymous_10)
FNDA:0,(anonymous_11)
FNDA:0,(anonymous_12)
FNDA:0,(anonymous_13)
FNDA:0,(anonymous_14)
DA:7,0
DA:9,0
DA:10,0
DA:11,0
DA:13,0
DA:16,0
DA:17,0
DA:21,0
DA:27,0
DA:28,0
DA:29,0
DA:31,0
DA:32,0
DA:34,0
DA:40,0
DA:43,0
DA:44,0
DA:45,0
DA:48,0
DA:49,0
DA:51,0
DA:54,0
DA:56,0
DA:62,0
DA:63,0
DA:66,0
DA:67,0
DA:76,0
DA:79,0
DA:80,0
DA:81,0
DA:84,0
DA:86,0
DA:89,0
DA:91,0
DA:96,0
DA:97,0
DA:100,0
DA:101,0
DA:110,0
DA:113,0
DA:114,0
DA:115,0
DA:118,0
DA:120,0
DA:122,0
DA:124,0
DA:129,0
DA:130,0
DA:133,0
DA:134,0
DA:143,0
DA:146,0
DA:147,0
DA:148,0
DA:151,0
DA:152,0
DA:154,0
DA:156,0
DA:158,0
DA:163,0
DA:164,0
DA:167,0
DA:168,0
DA:177,0
DA:180,0
DA:181,0
DA:182,0
DA:185,0
DA:188,0
DA:195,0
DA:198,0
DA:199,0
DA:200,0
DA:204,0
DA:208,0
DA:209,0
DA:213,0
DA:214,0
DA:215,0
DA:216,0
DA:221,0
DA:222,0
DA:231,0
DA:232,0
DA:235,0
DA:240,0
DA:248,0
DA:249,0
DA:250,0
DA:251,0
DA:253,0
DA:254,0
DA:255,0
DA:257,0
DA:260,0
LF:96
LH:0
BRDA:10,0,0,0
BRDA:10,0,1,0
BRDA:31,1,0,0
BRDA:31,1,1,0
BRDA:31,2,0,0
BRDA:31,2,1,0
BRDA:44,3,0,0
BRDA:44,3,1,0
BRDA:62,4,0,0
BRDA:62,4,1,0
BRDA:62,5,0,0
BRDA:62,5,1,0
BRDA:80,6,0,0
BRDA:80,6,1,0
BRDA:96,7,0,0
BRDA:96,7,1,0
BRDA:96,8,0,0
BRDA:96,8,1,0
BRDA:114,9,0,0
BRDA:114,9,1,0
BRDA:129,10,0,0
BRDA:129,10,1,0
BRDA:129,11,0,0
BRDA:129,11,1,0
BRDA:147,12,0,0
BRDA:147,12,1,0
BRDA:163,13,0,0
BRDA:163,13,1,0
BRDA:163,14,0,0
BRDA:163,14,1,0
BRDA:181,15,0,0
BRDA:181,15,1,0
BRDA:181,16,0,0
BRDA:181,16,1,0
BRDA:191,17,0,0
BRDA:191,17,1,0
BRDA:192,18,0,0
BRDA:192,18,1,0
BRDA:199,19,0,0
BRDA:199,19,1,0
BRDA:213,20,0,0
BRDA:213,20,1,0
BRDA:215,21,0,0
BRDA:215,21,1,0
BRDA:253,22,0,0
BRDA:253,22,1,0
BRF:46
BRH:0
end_of_record
TN:
SF:controllers/landParcelController.js
FN:3,(anonymous_0)
FN:30,(anonymous_1)
FN:40,(anonymous_2)
FN:50,(anonymous_3)
FN:65,(anonymous_4)
FN:85,(anonymous_5)
FNF:6
FNH:0
FNDA:0,(anonymous_0)
FNDA:0,(anonymous_1)
FNDA:0,(anonymous_2)
FNDA:0,(anonymous_3)
FNDA:0,(anonymous_4)
FNDA:0,(anonymous_5)
DA:3,0
DA:4,0
DA:5,0
DA:7,0
DA:21,0
DA:22,0
DA:24,0
DA:26,0
DA:30,0
DA:31,0
DA:32,0
DA:34,0
DA:36,0
DA:40,0
DA:41,0
DA:42,0
DA:44,0
DA:46,0
DA:50,0
DA:51,0
DA:52,0
DA:55,0
DA:56,0
DA:59,0
DA:61,0
DA:65,0
DA:66,0
DA:67,0
DA:69,0
DA:75,0
DA:76,0
DA:79,0
DA:81,0
DA:85,0
DA:86,0
DA:87,0
DA:89,0
DA:90,0
DA:93,0
DA:95,0
LF:40
LH:0
BRDA:55,0,0,0
BRDA:55,0,1,0
BRDA:75,1,0,0
BRDA:75,1,1,0
BRDA:89,2,0,0
BRDA:89,2,1,0
BRF:6
BRH:0
end_of_record
TN:
SF:controllers/recommendationController.js
FN:12,(anonymous_0)
FN:50,(anonymous_1)
FN:77,(anonymous_2)
FN:91,(anonymous_3)
FN:109,(anonymous_4)
FN:132,(anonymous_5)
FN:146,(anonymous_6)
FN:173,generateAgricultureRecommendationsFromSoil
FNF:8
FNH:0
FNDA:0,(anonymous_0)
FNDA:0,(anonymous_1)
FNDA:0,(anonymous_2)
FNDA:0,(anonymous_3)
FNDA:0,(anonymous_4)
FNDA:0,(anonymous_5)
FNDA:0,(anonymous_6)
FNDA:0,generateAgricultureRecommendationsFromSoil
DA:12,0
DA:13,0
DA:14,0
DA:17,0
DA:18,0
DA:19,0
DA:22,0
DA:23,0
DA:26,0
DA:38,0
DA:39,0
DA:44,0
DA:46,0
DA:50,0
DA:51,0
DA:52,0
DA:55,0
DA:56,0
DA:57,0
DA:60,0
DA:61,0
DA:64,0
DA:71,0
DA:73,0
DA:77,0
DA:78,0
DA:79,0
DA:85,0
DA:87,0
DA:91,0
DA:92,0
DA:93,0
DA:99,0
DA:100,0
DA:103,0
DA:105,0
DA:109,0
DA:110,0
DA:111,0
DA:113,0
DA:122,0
DA:123,0
DA:126,0
DA:128,0
DA:132,0
DA:133,0
DA:134,0
DA:136,0
DA:137,0
DA:140,0
DA:142,0
DA:146,0
DA:147,0
DA:148,0
DA:151,0
DA:152,0
DA:153,0
DA:156,0
DA:157,0
DA:161,0
DA:163,0
DA:165,0
DA:166,0
DA:174,0
DA:177,0
DA:178,0
DA:179,0
DA:187,0
DA:188,0
DA:200,0
DA:201,0
DA:202,0
DA:210,0
DA:218,0
DA:219,0
DA:231,0
DA:232,0
DA:242,0
DA:243,0
DA:253,0
DA:254,0
DA:265,0
DA:266,0
DA:277,0
DA:278,0
DA:279,0
DA:287,0
DA:288,0
DA:297,0
DA:308,0
LF:90
LH:0
BRDA:18,0,0,0
BRDA:18,0,1,0
BRDA:22,1,0,0
BRDA:22,1,1,0
BRDA:56,2,0,0
BRDA:56,2,1,0
BRDA:60,3,0,0
BRDA:60,3,1,0
BRDA:99,4,0,0
BRDA:99,4,1,0
BRDA:122,5,0,0
BRDA:122,5,1,0
BRDA:136,6,0,0
BRDA:136,6,1,0
BRDA:152,7,0,0
BRDA:152,7,1,0
BRDA:156,8,0,0
BRDA:156,8,1,0
BRDA:177,9,0,0
BRDA:177,9,1,0
BRDA:178,10,0,0
BRDA:178,10,1,0
BRDA:187,11,0,0
BRDA:187,11,1,0
BRDA:200,12,0,0
BRDA:200,12,1,0
BRDA:201,13,0,0
BRDA:201,13,1,0
BRDA:218,14,0,0
BRDA:218,14,1,0
BRDA:231,15,0,0
BRDA:231,15,1,0
BRDA:231,16,0,0
BRDA:231,16,1,0
BRDA:242,17,0,0
BRDA:242,17,1,0
BRDA:242,18,0,0
BRDA:242,18,1,0
BRDA:253,19,0,0
BRDA:253,19,1,0
BRDA:253,20,0,0
BRDA:253,20,1,0
BRDA:265,21,0,0
BRDA:265,21,1,0
BRDA:265,22,0,0
BRDA:265,22,1,0
BRDA:277,23,0,0
BRDA:277,23,1,0
BRDA:278,24,0,0
BRDA:278,24,1,0
BRDA:287,25,0,0
BRDA:287,25,1,0
BRF:52
BRH:0
end_of_record
TN:
SF:controllers/restorationController.js
FN:4,(anonymous_0)
FN:40,(anonymous_1)
FN:67,(anonymous_2)
FN:81,(anonymous_3)
FN:99,(anonymous_4)
FN:122,(anonymous_5)
FN:136,(anonymous_6)
FN:161,(anonymous_7)
FN:162,(anonymous_8)
FN:176,(anonymous_9)
FNF:10
FNH:0
FNDA:0,(anonymous_0)
FNDA:0,(anonymous_1)
FNDA:0,(anonymous_2)
FNDA:0,(anonymous_3)
FNDA:0,(anonymous_4)
FNDA:0,(anonymous_5)
FNDA:0,(anonymous_6)
FNDA:0,(anonymous_7)
FNDA:0,(anonymous_8)
FNDA:0,(anonymous_9)
DA:4,0
DA:5,0
DA:6,0
DA:9,0
DA:10,0
DA:11,0
DA:14,0
DA:15,0
DA:18,0
DA:28,0
DA:29,0
DA:34,0
DA:36,0
DA:40,0
DA:41,0
DA:42,0
DA:45,0
DA:46,0
DA:47,0
DA:50,0
DA:51,0
DA:54,0
DA:61,0
DA:63,0
DA:67,0
DA:68,0
DA:69,0
DA:75,0
DA:77,0
DA:81,0
DA:82,0
DA:83,0
DA:89,0
DA:90,0
DA:93,0
DA:95,0
DA:99,0
DA:100,0
DA:101,0
DA:103,0
DA:112,0
DA:113,0
DA:116,0
DA:118,0
DA:122,0
DA:123,0
DA:124,0
DA:126,0
DA:127,0
DA:130,0
DA:132,0
DA:136,0
DA:137,0
DA:138,0
DA:141,0
DA:142,0
DA:143,0
DA:146,0
DA:147,0
DA:151,0
DA:155,0
DA:160,0
DA:161,0
DA:162,0
DA:165,0
DA:166,0
DA:167,0
DA:168,0
DA:169,0
DA:170,0
DA:175,0
DA:176,0
DA:177,0
DA:178,0
DA:185,0
DA:186,0
DA:187,0
DA:191,0
DA:193,0
DA:204,0
DA:206,0
LF:81
LH:0
BRDA:10,0,0,0
BRDA:10,0,1,0
BRDA:14,1,0,0
BRDA:14,1,1,0
BRDA:46,2,0,0
BRDA:46,2,1,0
BRDA:50,3,0,0
BRDA:50,3,1,0
BRDA:89,4,0,0
BRDA:89,4,1,0
BRDA:112,5,0,0
BRDA:112,5,1,0
BRDA:126,6,0,0
BRDA:126,6,1,0
BRDA:142,7,0,0
BRDA:142,7,1,0
BRDA:146,8,0,0
BRDA:146,8,1,0
BRDA:166,9,0,0
BRDA:166,9,1,0
BRDA:169,10,0,0
BRDA:169,10,1,0
BRDA:169,11,0,0
BRDA:169,11,1,0
BRDA:177,12,0,0
BRDA:177,12,1,0
BRF:26
BRH:0
end_of_record
TN:
SF:controllers/sensorController.js
FN:5,(anonymous_0)
FN:52,(anonymous_1)
FN:71,(anonymous_2)
FN:83,(anonymous_3)
FN:108,(anonymous_4)
FN:142,(anonymous_5)
FN:163,(anonymous_6)
FN:170,(anonymous_7)
FNF:8
FNH:0
FNDA:0,(anonymous_0)
FNDA:0,(anonymous_1)
FNDA:0,(anonymous_2)
FNDA:0,(anonymous_3)
FNDA:0,(anonymous_4)
FNDA:0,(anonymous_5)
FNDA:0,(anonymous_6)
FNDA:0,(anonymous_7)
DA:5,0
DA:6,0
DA:7,0
DA:10,0
DA:11,0
DA:12,0
DA:15,0
DA:16,0
DA:20,0
DA:22,0
DA:34,0
DA:35,0
DA:37,0
DA:45,0
DA:46,0
DA:48,0
DA:52,0
DA:53,0
DA:54,0
DA:57,0
DA:58,0
DA:59,0
DA:62,0
DA:63,0
DA:66,0
DA:71,0
DA:72,0
DA:73,0
DA:74,0
DA:77,0
DA:79,0
DA:83,0
DA:84,0
DA:85,0
DA:88,0
DA:89,0
DA:93,0
DA:94,0
DA:95,0
DA:99,0
DA:100,0
DA:102,0
DA:104,0
DA:108,0
DA:109,0
DA:110,0
DA:112,0
DA:113,0
DA:114,0
DA:118,0
DA:119,0
DA:120,0
DA:123,0
DA:130,0
DA:131,0
DA:133,0
DA:138,0
DA:142,0
DA:143,0
DA:144,0
DA:145,0
DA:146,0
DA:150,0
DA:151,0
DA:152,0
DA:155,0
DA:157,0
DA:159,0
DA:163,0
DA:164,0
DA:165,0
DA:170,0
DA:171,0
DA:172,0
DA:173,0
DA:176,0
DA:178,0
LF:77
LH:0
BRDA:11,0,0,0
BRDA:11,0,1,0
BRDA:15,1,0,0
BRDA:15,1,1,0
BRDA:45,2,0,0
BRDA:45,2,1,0
BRDA:58,3,0,0
BRDA:58,3,1,0
BRDA:62,4,0,0
BRDA:62,4,1,0
BRDA:88,5,0,0
BRDA:88,5,1,0
BRDA:94,6,0,0
BRDA:94,6,1,0
BRDA:113,7,0,0
BRDA:113,7,1,0
BRDA:119,8,0,0
BRDA:119,8,1,0
BRDA:145,9,0,0
BRDA:145,9,1,0
BRDA:151,10,0,0
BRDA:151,10,1,0
BRF:22
BRH:0
end_of_record
TN:
SF:controllers/soilHealthController.js
FN:4,(anonymous_0)
FN:40,(anonymous_1)
FN:64,(anonymous_2)
FN:75,(anonymous_3)
FN:90,(anonymous_4)
FN:110,(anonymous_5)
FN:124,(anonymous_6)
FN:144,(anonymous_7)
FN:145,(anonymous_8)
FN:146,(anonymous_9)
FN:148,(anonymous_10)
FN:149,(anonymous_11)
FN:150,(anonymous_12)
FN:152,(anonymous_13)
FN:153,(anonymous_14)
FN:162,(anonymous_15)
FN:196,(anonymous_16)
FN:224,(anonymous_17)
FN:317,calculateTrend
FN:320,(anonymous_19)
FN:326,(anonymous_20)
FN:335,calculateVitalityScore
FN:381,checkSensorAlerts
FN:458,calculateFertilityIndex
FN:486,generateAgricultureInsights
FN:582,generateClimateAlerts
FNF:26
FNH:0
FNDA:0,(anonymous_0)
FNDA:0,(anonymous_1)
FNDA:0,(anonymous_2)
FNDA:0,(anonymous_3)
FNDA:0,(anonymous_4)
FNDA:0,(anonymous_5)
FNDA:0,(anonymous_6)
FNDA:0,(anonymous_7)
FNDA:0,(anonymous_8)
FNDA:0,(anonymous_9)
FNDA:0,(anonymous_10)
FNDA:0,(anonymous_11)
FNDA:0,(anonymous_12)
FNDA:0,(anonymous_13)
FNDA:0,(anonymous_14)
FNDA:0,(anonymous_15)
FNDA:0,(anonymous_16)
FNDA:0,(anonymous_17)
FNDA:0,calculateTrend
FNDA:0,(anonymous_19)
FNDA:0,(anonymous_20)
FNDA:0,calculateVitalityScore
FNDA:0,checkSensorAlerts
FNDA:0,calculateFertilityIndex
FNDA:0,generateAgricultureInsights
FNDA:0,generateClimateAlerts
DA:4,0
DA:5,0
DA:6,0
DA:9,0
DA:10,0
DA:11,0
DA:14,0
DA:15,0
DA:18,0
DA:31,0
DA:32,0
DA:34,0
DA:36,0
DA:40,0
DA:41,0
DA:42,0
DA:45,0
DA:46,0
DA:47,0
DA:50,0
DA:51,0
DA:54,0
DA:58,0
DA:60,0
DA:64,0
DA:65,0
DA:66,0
DA:69,0
DA:71,0
DA:75,0
DA:76,0
DA:77,0
DA:80,0
DA:81,0
DA:84,0
DA:86,0
DA:90,0
DA:91,0
DA:92,0
DA:94,0
DA:100,0
DA:101,0
DA:104,0
DA:106,0
DA:110,0
DA:111,0
DA:112,0
DA:114,0
DA:115,0
DA:118,0
DA:120,0
DA:124,0
DA:125,0
DA:126,0
DA:129,0
DA:130,0
DA:131,0
DA:134,0
DA:135,0
DA:138,0
DA:143,0
DA:144,0
DA:145,0
DA:146,0
DA:148,0
DA:149,0
DA:150,0
DA:152,0
DA:153,0
DA:156,0
DA:158,0
DA:162,0
DA:163,0
DA:164,0
DA:167,0
DA:168,0
DA:169,0
DA:172,0
DA:173,0
DA:176,0
DA:180,0
DA:181,0
DA:185,0
DA:188,0
DA:190,0
DA:192,0
DA:196,0
DA:197,0
DA:198,0
DA:201,0
DA:202,0
DA:203,0
DA:206,0
DA:207,0
DA:210,0
DA:216,0
DA:218,0
DA:220,0
DA:224,0
DA:225,0
DA:226,0
DA:229,0
DA:230,0
DA:231,0
DA:232,0
DA:235,0
DA:236,0
DA:240,0
DA:241,0
DA:242,0
DA:246,0
DA:253,0
DA:255,0
DA:256,0
DA:258,0
DA:259,0
DA:261,0
DA:262,0
DA:264,0
DA:265,0
DA:267,0
DA:268,0
DA:270,0
DA:271,0
DA:272,0
DA:273,0
DA:275,0
DA:276,0
DA:280,0
DA:281,0
DA:284,0
DA:285,0
DA:286,0
DA:289,0
DA:290,0
DA:293,0
DA:296,0
DA:297,0
DA:298,0
DA:306,0
DA:312,0
DA:318,0
DA:320,0
DA:321,0
DA:323,0
DA:324,0
DA:325,0
DA:326,0
DA:328,0
DA:329,0
DA:330,0
DA:332,0
DA:336,0
DA:339,0
DA:340,0
DA:341,0
DA:342,0
DA:343,0
DA:345,0
DA:350,0
DA:351,0
DA:352,0
DA:353,0
DA:354,0
DA:356,0
DA:361,0
DA:362,0
DA:363,0
DA:364,0
DA:365,0
DA:367,0
DA:372,0
DA:373,0
DA:374,0
DA:378,0
DA:382,0
DA:383,0
DA:386,0
DA:387,0
DA:388,0
DA:396,0
DA:397,0
DA:398,0
DA:399,0
DA:407,0
DA:408,0
DA:413,0
DA:414,0
DA:415,0
DA:423,0
DA:424,0
DA:429,0
DA:430,0
DA:431,0
DA:439,0
DA:440,0
DA:441,0
DA:442,0
DA:450,0
DA:451,0
DA:455,0
DA:459,0
DA:460,0
DA:462,0
DA:463,0
DA:464,0
DA:466,0
DA:467,0
DA:468,0
DA:470,0
DA:471,0
DA:472,0
DA:474,0
DA:475,0
DA:476,0
DA:478,0
DA:479,0
DA:480,0
DA:483,0
DA:487,0
DA:490,0
DA:491,0
DA:492,0
DA:498,0
DA:499,0
DA:509,0
DA:510,0
DA:511,0
DA:517,0
DA:518,0
DA:528,0
DA:529,0
DA:537,0
DA:538,0
DA:546,0
DA:547,0
DA:556,0
DA:557,0
DA:563,0
DA:564,0
DA:571,0
DA:579,0
DA:583,0
DA:585,0
DA:587,0
DA:588,0
DA:591,0
DA:592,0
DA:593,0
DA:594,0
DA:605,0
DA:606,0
DA:616,0
DA:617,0
DA:618,0
DA:619,0
DA:629,0
LF:257
LH:0
BRDA:10,0,0,0
BRDA:10,0,1,0
BRDA:14,1,0,0
BRDA:14,1,1,0
BRDA:46,2,0,0
BRDA:46,2,1,0
BRDA:50,3,0,0
BRDA:50,3,1,0
BRDA:80,4,0,0
BRDA:80,4,1,0
BRDA:100,5,0,0
BRDA:100,5,1,0
BRDA:114,6,0,0
BRDA:114,6,1,0
BRDA:130,7,0,0
BRDA:130,7,1,0
BRDA:134,8,0,0
BRDA:134,8,1,0
BRDA:168,9,0,0
BRDA:168,9,1,0
BRDA:172,10,0,0
BRDA:172,10,1,0
BRDA:180,11,0,0
BRDA:180,11,1,0
BRDA:202,12,0,0
BRDA:202,12,1,0
BRDA:206,13,0,0
BRDA:206,13,1,0
BRDA:231,14,0,0
BRDA:231,14,1,0
BRDA:235,15,0,0
BRDA:235,15,1,0
BRDA:241,16,0,0
BRDA:241,16,1,0
BRDA:253,17,0,0
BRDA:253,17,1,0
BRDA:253,17,2,0
BRDA:253,17,3,0
BRDA:253,17,4,0
BRDA:253,17,5,0
BRDA:253,17,6,0
BRDA:270,18,0,0
BRDA:270,18,1,0
BRDA:271,19,0,0
BRDA:271,19,1,0
BRDA:272,20,0,0
BRDA:272,20,1,0
BRDA:280,21,0,0
BRDA:280,21,1,0
BRDA:280,22,0,0
BRDA:280,22,1,0
BRDA:297,23,0,0
BRDA:297,23,1,0
BRDA:318,24,0,0
BRDA:318,24,1,0
BRDA:318,25,0,0
BRDA:318,25,1,0
BRDA:320,26,0,0
BRDA:320,26,1,0
BRDA:321,27,0,0
BRDA:321,27,1,0
BRDA:321,28,0,0
BRDA:321,28,1,0
BRDA:329,29,0,0
BRDA:329,29,1,0
BRDA:330,30,0,0
BRDA:330,30,1,0
BRDA:339,31,0,0
BRDA:339,31,1,0
BRDA:340,32,0,0
BRDA:340,32,1,0
BRDA:340,33,0,0
BRDA:340,33,1,0
BRDA:342,34,0,0
BRDA:342,34,1,0
BRDA:342,35,0,0
BRDA:342,35,1,0
BRDA:350,36,0,0
BRDA:350,36,1,0
BRDA:351,37,0,0
BRDA:351,37,1,0
BRDA:351,38,0,0
BRDA:351,38,1,0
BRDA:353,39,0,0
BRDA:353,39,1,0
BRDA:353,40,0,0
BRDA:353,40,1,0
BRDA:361,41,0,0
BRDA:361,41,1,0
BRDA:362,42,0,0
BRDA:362,42,1,0
BRDA:362,43,0,0
BRDA:362,43,1,0
BRDA:364,44,0,0
BRDA:364,44,1,0
BRDA:364,45,0,0
BRDA:364,45,1,0
BRDA:372,46,0,0
BRDA:372,46,1,0
BRDA:373,47,0,0
BRDA:373,47,1,0
BRDA:386,48,0,0
BRDA:386,48,1,0
BRDA:386,49,0,0
BRDA:386,49,1,0
BRDA:387,50,0,0
BRDA:387,50,1,0
BRDA:398,51,0,0
BRDA:398,51,1,0
BRDA:413,52,0,0
BRDA:413,52,1,0
BRDA:413,53,0,0
BRDA:413,53,1,0
BRDA:414,54,0,0
BRDA:414,54,1,0
BRDA:429,55,0,0
BRDA:429,55,1,0
BRDA:429,56,0,0
BRDA:429,56,1,0
BRDA:430,57,0,0
BRDA:430,57,1,0
BRDA:441,58,0,0
BRDA:441,58,1,0
BRDA:462,59,0,0
BRDA:462,59,1,0
BRDA:466,60,0,0
BRDA:466,60,1,0
BRDA:470,61,0,0
BRDA:470,61,1,0
BRDA:474,62,0,0
BRDA:474,62,1,0
BRDA:478,63,0,0
BRDA:478,63,1,0
BRDA:483,64,0,0
BRDA:483,64,1,0
BRDA:490,65,0,0
BRDA:490,65,1,0
BRDA:491,66,0,0
BRDA:491,66,1,0
BRDA:498,67,0,0
BRDA:498,67,1,0
BRDA:509,68,0,0
BRDA:509,68,1,0
BRDA:510,69,0,0
BRDA:510,69,1,0
BRDA:517,70,0,0
BRDA:517,70,1,0
BRDA:528,71,0,0
BRDA:528,71,1,0
BRDA:528,72,0,0
BRDA:528,72,1,0
BRDA:537,73,0,0
BRDA:537,73,1,0
BRDA:537,74,0,0
BRDA:537,74,1,0
BRDA:546,75,0,0
BRDA:546,75,1,0
BRDA:546,76,0,0
BRDA:546,76,1,0
BRDA:556,77,0,0
BRDA:556,77,1,0
BRDA:563,78,0,0
BRDA:563,78,1,0
BRDA:585,79,0,0
BRDA:585,79,1,0
BRDA:591,80,0,0
BRDA:591,80,1,0
BRDA:591,81,0,0
BRDA:591,81,1,0
BRDA:593,82,0,0
BRDA:593,82,1,0
BRDA:605,83,0,0
BRDA:605,83,1,0
BRDA:605,84,0,0
BRDA:605,84,1,0
BRDA:605,84,2,0
BRDA:616,85,0,0
BRDA:616,85,1,0
BRDA:616,86,0,0
BRDA:616,86,1,0
BRDA:618,87,0,0
BRDA:618,87,1,0
BRF:182
BRH:0
end_of_record
TN:
SF:controllers/userController.js
FN:3,(anonymous_0)
FN:15,(anonymous_1)
FN:34,(anonymous_2)
FN:43,(anonymous_3)
FN:55,(anonymous_4)
FNF:5
FNH:0
FNDA:0,(anonymous_0)
FNDA:0,(anonymous_1)
FNDA:0,(anonymous_2)
FNDA:0,(anonymous_3)
FNDA:0,(anonymous_4)
DA:3,0
DA:4,0
DA:5,0
DA:6,0
DA:7,0
DA:9,0
DA:11,0
DA:15,0
DA:16,0
DA:17,0
DA:18,0
DA:24,0
DA:25,0
DA:28,0
DA:30,0
DA:34,0
DA:35,0
DA:36,0
DA:37,0
DA:39,0
DA:43,0
DA:44,0
DA:45,0
DA:46,0
DA:47,0
DA:49,0
DA:51,0
DA:55,0
DA:56,0
DA:57,0
DA:58,0
DA:59,0
DA:61,0
DA:63,0
LF:34
LH:0
BRDA:6,0,0,0
BRDA:6,0,1,0
BRDA:24,1,0,0
BRDA:24,1,1,0
BRDA:46,2,0,0
BRDA:46,2,1,0
BRDA:58,3,0,0
BRDA:58,3,1,0
BRF:8
BRH:0
end_of_record
TN:
SF:middleware/authMiddleware.js
FN:3,(anonymous_0)
FN:11,(anonymous_1)
FN:22,(anonymous_2)
FNF:3
FNH:0
FNDA:0,(anonymous_0)
FNDA:0,(anonymous_1)
FNDA:0,(anonymous_2)
DA:3,0
DA:4,0
DA:5,0
DA:7,0
DA:8,0
DA:11,0
DA:12,0
DA:13,0
DA:16,0
DA:17,0
DA:22,0
DA:23,0
DA:24,0
DA:26,0
LF:14
LH:0
BRDA:5,0,0,0
BRDA:5,0,1,0
BRDA:7,1,0,0
BRDA:7,1,1,0
BRDA:12,2,0,0
BRDA:12,2,1,0
BRDA:23,3,0,0
BRDA:23,3,1,0
BRDA:23,4,0,0
BRDA:23,4,1,0
BRF:10
BRH:0
end_of_record
TN:
SF:models/DegradationAlert.js
FNF:0
FNH:0
DA:3,0
LF:1
LH:0
BRF:0
BRH:0
end_of_record
TN:
SF:models/IoTSensor.js
FNF:0
FNH:0
DA:3,0
DA:55,0
DA:56,0
LF:3
LH:0
BRF:0
BRH:0
end_of_record
TN:
SF:models/LandParcel.js
FNF:0
FNH:0
DA:3,0
LF:1
LH:0
BRF:0
BRH:0
end_of_record
TN:
SF:models/Recommendation.js
FNF:0
FNH:0
DA:3,0
LF:1
LH:0
BRF:0
BRH:0
end_of_record
TN:
SF:models/RestorationActivity.js
FNF:0
FNH:0
DA:3,0
LF:1
LH:0
BRF:0
BRH:0
end_of_record
TN:
SF:models/SoilHealthRecord.js
FNF:0
FNH:0
DA:3,0
LF:1
LH:0
BRF:0
BRH:0
end_of_record
TN:
SF:models/User.js
FNF:0
FNH:0
DA:3,0
LF:1
LH:0
BRF:0
BRH:0
end_of_record
TN:
SF:routes/alertRoutes.js
FN:54,(anonymous_0)
FN:73,(anonymous_1)
FNF:2
FNH:0
FNDA:0,(anonymous_0)
FNDA:0,(anonymous_1)
DA:14,0
DA:19,0
DA:24,0
DA:29,0
DA:34,0
DA:39,0
DA:44,0
DA:49,0
DA:54,0
DA:55,0
DA:56,0
DA:61,0
DA:62,0
DA:64,0
DA:66,0
DA:73,0
DA:74,0
DA:77,0
DA:80,0
DA:82,0
LF:20
LH:0
BRDA:61,0,0,0
BRDA:61,0,1,0
BRF:2
BRH:0
end_of_record
TN:
SF:routes/authRoutes.js
FNF:0
FNH:0
DA:4,0
DA:9,0
DA:14,0
LF:3
LH:0
BRF:0
BRH:0
end_of_record
TN:
SF:routes/backgroundProcessingRoutes.js
FNF:0
FNH:0
DA:14,0
DA:17,0
DA:20,0
DA:21,0
DA:22,0
DA:23,0
DA:26,0
DA:27,0
DA:28,0
DA:31,0
LF:10
LH:0
BRF:0
BRH:0
end_of_record
TN:
SF:routes/imageAnalysisRoutes.js
FNF:0
FNH:0
DA:13,0
DA:16,0
DA:19,0
DA:20,0
DA:21,0
DA:22,0
DA:23,0
DA:26,0
DA:27,0
LF:9
LH:0
BRF:0
BRH:0
end_of_record
TN:
SF:routes/landParcelRoutes.js
FNF:0
FNH:0
DA:12,0
DA:17,0
DA:22,0
DA:27,0
DA:32,0
DA:37,0
DA:42,0
LF:7
LH:0
BRF:0
BRH:0
end_of_record
TN:
SF:routes/recommendationRoutes.js
FNF:0
FNH:0
DA:13,0
DA:18,0
DA:23,0
DA:28,0
DA:33,0
DA:38,0
DA:43,0
DA:48,0
LF:8
LH:0
BRF:0
BRH:0
end_of_record
TN:
SF:routes/restorationRoutes.js
FNF:0
FNH:0
DA:13,0
DA:18,0
DA:23,0
DA:28,0
DA:33,0
DA:38,0
DA:43,0
DA:48,0
LF:8
LH:0
BRF:0
BRH:0
end_of_record
TN:
SF:routes/sensorRoutes.js
FNF:0
FNH:0
DA:12,0
DA:15,0
DA:20,0
DA:25,0
DA:30,0
DA:35,0
DA:40,0
DA:45,0
LF:8
LH:0
BRF:0
BRH:0
end_of_record
TN:
SF:routes/soilHealthRoutes.js
FN:67,(anonymous_0)
FN:83,(anonymous_1)
FN:91,(anonymous_2)
FN:106,(anonymous_3)
FN:130,(anonymous_4)
FN:166,calculateFertilityIndex
FNF:6
FNH:0
FNDA:0,(anonymous_0)
FNDA:0,(anonymous_1)
FNDA:0,(anonymous_2)
FNDA:0,(anonymous_3)
FNDA:0,(anonymous_4)
FNDA:0,calculateFertilityIndex
DA:17,0
DA:22,0
DA:27,0
DA:32,0
DA:37,0
DA:42,0
DA:47,0
DA:52,0
DA:57,0
DA:62,0
DA:67,0
DA:68,0
DA:69,0
DA:70,0
DA:72,0
DA:73,0
DA:75,0
DA:80,0
DA:83,0
DA:91,0
DA:97,0
DA:99,0
DA:106,0
DA:107,0
DA:108,0
DA:109,0
DA:113,0
DA:114,0
DA:116,0
DA:123,0
DA:130,0
DA:131,0
DA:132,0
DA:134,0
DA:137,0
DA:138,0
DA:142,0
DA:144,0
DA:157,0
DA:164,0
DA:167,0
DA:168,0
DA:171,0
DA:172,0
DA:173,0
DA:174,0
DA:175,0
DA:176,0
DA:178,0
DA:183,0
DA:184,0
DA:185,0
DA:186,0
DA:187,0
DA:188,0
DA:192,0
DA:193,0
DA:194,0
DA:195,0
DA:196,0
DA:197,0
DA:201,0
DA:202,0
DA:203,0
DA:204,0
DA:205,0
DA:206,0
DA:210,0
DA:211,0
DA:212,0
DA:213,0
DA:214,0
DA:215,0
DA:218,0
LF:74
LH:0
BRDA:70,0,0,0
BRDA:91,1,0,0
BRDA:91,1,1,0
BRDA:93,2,0,0
BRDA:93,2,1,0
BRDA:119,3,0,0
BRDA:119,3,1,0
BRDA:137,4,0,0
BRDA:137,4,1,0
BRDA:171,5,0,0
BRDA:171,5,1,0
BRDA:173,6,0,0
BRDA:173,6,1,0
BRDA:173,7,0,0
BRDA:173,7,1,0
BRDA:175,8,0,0
BRDA:175,8,1,0
BRDA:175,9,0,0
BRDA:175,9,1,0
BRDA:183,10,0,0
BRDA:183,10,1,0
BRDA:185,11,0,0
BRDA:185,11,1,0
BRDA:186,12,0,0
BRDA:186,12,1,0
BRDA:187,13,0,0
BRDA:187,13,1,0
BRDA:192,14,0,0
BRDA:192,14,1,0
BRDA:194,15,0,0
BRDA:194,15,1,0
BRDA:195,16,0,0
BRDA:195,16,1,0
BRDA:196,17,0,0
BRDA:196,17,1,0
BRDA:201,18,0,0
BRDA:201,18,1,0
BRDA:203,19,0,0
BRDA:203,19,1,0
BRDA:204,20,0,0
BRDA:204,20,1,0
BRDA:205,21,0,0
BRDA:205,21,1,0
BRDA:210,22,0,0
BRDA:210,22,1,0
BRDA:212,23,0,0
BRDA:212,23,1,0
BRDA:213,24,0,0
BRDA:213,24,1,0
BRDA:214,25,0,0
BRDA:214,25,1,0
BRDA:218,26,0,0
BRDA:218,26,1,0
BRF:53
BRH:0
end_of_record
TN:
SF:routes/userRoutes.js
FNF:0
FNH:0
DA:11,0
DA:16,0
DA:21,0
DA:26,0
DA:31,0
DA:36,0
LF:6
LH:0
BRF:0
BRH:0
end_of_record
TN:
SF:services/backgroundProcessingService.js
FN:9,(anonymous_0)
FN:17,(anonymous_1)
FN:47,(anonymous_2)
FN:58,(anonymous_3)
FN:67,(anonymous_4)
FN:100,(anonymous_5)
FN:111,(anonymous_6)
FN:132,(anonymous_7)
FN:146,(anonymous_8)
FN:182,(anonymous_9)
FN:215,(anonymous_10)
FN:221,(anonymous_11)
FN:222,(anonymous_12)
FN:223,(anonymous_13)
FN:275,(anonymous_14)
FN:289,(anonymous_15)
FN:294,(anonymous_16)
FN:300,(anonymous_17)
FN:328,(anonymous_18)
FN:333,(anonymous_19)
FN:344,(anonymous_20)
FN:345,(anonymous_21)
FN:351,(anonymous_22)
FNF:23
FNH:0
FNDA:0,(anonymous_0)
FNDA:0,(anonymous_1)
FNDA:0,(anonymous_2)
FNDA:0,(anonymous_3)
FNDA:0,(anonymous_4)
FNDA:0,(anonymous_5)
FNDA:0,(anonymous_6)
FNDA:0,(anonymous_7)
FNDA:0,(anonymous_8)
FNDA:0,(anonymous_9)
FNDA:0,(anonymous_10)
FNDA:0,(anonymous_11)
FNDA:0,(anonymous_12)
FNDA:0,(anonymous_13)
FNDA:0,(anonymous_14)
FNDA:0,(anonymous_15)
FNDA:0,(anonymous_16)
FNDA:0,(anonymous_17)
FNDA:0,(anonymous_18)
FNDA:0,(anonymous_19)
FNDA:0,(anonymous_20)
FNDA:0,(anonymous_21)
FNDA:0,(anonymous_22)
DA:10,0
DA:11,0
DA:12,0
DA:13,0
DA:18,0
DA:30,0
DA:31,0
DA:33,0
DA:36,0
DA:39,0
DA:40,0
DA:43,0
DA:48,0
DA:50,0
DA:51,0
DA:53,0
DA:54,0
DA:55,0
DA:57,0
DA:58,0
DA:59,0
DA:63,0
DA:68,0
DA:69,0
DA:70,0
DA:72,0
DA:74,0
DA:75,0
DA:77,0
DA:78,0
DA:80,0
DA:81,0
DA:83,0
DA:84,0
DA:86,0
DA:89,0
DA:90,0
DA:92,0
DA:94,0
DA:95,0
DA:97,0
DA:98,0
DA:100,0
DA:101,0
DA:104,0
DA:105,0
DA:112,0
DA:115,0
DA:116,0
DA:122,0
DA:123,0
DA:124,0
DA:128,0
DA:133,0
DA:135,0
DA:139,0
DA:147,0
DA:149,0
DA:150,0
DA:153,0
DA:158,0
DA:159,0
DA:160,0
DA:164,0
DA:167,0
DA:168,0
DA:175,0
DA:178,0
DA:183,0
DA:185,0
DA:186,0
DA:188,0
DA:192,0
DA:197,0
DA:198,0
DA:199,0
DA:202,0
DA:205,0
DA:211,0
DA:216,0
DA:219,0
DA:221,0
DA:222,0
DA:223,0
DA:227,0
DA:228,0
DA:229,0
DA:232,0
DA:233,0
DA:245,0
DA:246,0
DA:258,0
DA:259,0
DA:271,0
DA:276,0
DA:280,0
DA:285,0
DA:288,0
DA:289,0
DA:290,0
DA:293,0
DA:294,0
DA:296,0
DA:299,0
DA:300,0
DA:302,0
DA:305,0
DA:309,0
DA:310,0
DA:311,0
DA:312,0
DA:313,0
DA:315,0
DA:329,0
DA:333,0
DA:345,0
DA:346,0
DA:352,0
DA:353,0
DA:354,0
DA:355,0
DA:360,0
LF:122
LH:0
BRDA:17,0,0,0
BRDA:30,1,0,0
BRDA:30,1,1,0
BRDA:39,2,0,0
BRDA:39,2,1,0
BRDA:48,3,0,0
BRDA:48,3,1,0
BRDA:53,4,0,0
BRDA:53,4,1,0
BRDA:55,5,0,0
BRDA:55,5,1,0
BRDA:72,6,0,0
BRDA:72,6,1,0
BRDA:72,6,2,0
BRDA:72,6,3,0
BRDA:72,6,4,0
BRDA:97,7,0,0
BRDA:97,7,1,0
BRDA:112,8,0,0
BRDA:115,9,0,0
BRDA:115,9,1,0
BRDA:122,10,0,0
BRDA:122,10,1,0
BRDA:147,11,0,0
BRDA:150,12,0,0
BRDA:150,12,1,0
BRDA:158,13,0,0
BRDA:158,13,1,0
BRDA:186,14,0,0
BRDA:186,14,1,0
BRDA:197,15,0,0
BRDA:197,15,1,0
BRDA:219,16,0,0
BRDA:219,16,1,0
BRDA:232,17,0,0
BRDA:232,17,1,0
BRDA:245,18,0,0
BRDA:245,18,1,0
BRDA:258,19,0,0
BRDA:258,19,1,0
BRDA:280,20,0,0
BRDA:280,20,1,0
BRDA:281,21,0,0
BRDA:281,21,1,0
BRDA:282,22,0,0
BRDA:282,22,1,0
BRDA:282,23,0,0
BRDA:282,23,1,0
BRDA:283,24,0,0
BRDA:283,24,1,0
BRDA:283,25,0,0
BRDA:283,25,1,0
BRDA:288,26,0,0
BRDA:288,26,1,0
BRDA:299,27,0,0
BRDA:299,27,1,0
BRDA:300,28,0,0
BRDA:300,28,1,0
BRDA:309,29,0,0
BRDA:309,29,1,0
BRDA:310,30,0,0
BRDA:310,30,1,0
BRDA:311,31,0,0
BRDA:311,31,1,0
BRDA:312,32,0,0
BRDA:312,32,1,0
BRDA:346,33,0,0
BRDA:346,33,1,0
BRF:68
BRH:0
end_of_record
TN:
SF:services/enhancedAIService.js
FN:21,(anonymous_0)
FN:27,(anonymous_1)
FN:32,(anonymous_2)
FN:37,(anonymous_3)
FN:42,(anonymous_4)
FN:61,(anonymous_5)
FN:79,(anonymous_6)
FN:83,(anonymous_7)
FN:84,(anonymous_8)
FN:85,(anonymous_9)
FN:86,(anonymous_10)
FN:93,(anonymous_11)
FN:94,(anonymous_12)
FN:99,(anonymous_13)
FN:100,(anonymous_14)
FN:108,(anonymous_15)
FN:132,(anonymous_16)
FN:135,(anonymous_17)
FN:167,(anonymous_18)
FN:192,(anonymous_19)
FN:215,(anonymous_20)
FN:249,(anonymous_21)
FN:275,(anonymous_22)
FN:300,(anonymous_23)
FN:301,(anonymous_24)
FN:329,(anonymous_25)
FN:355,(anonymous_26)
FN:374,(anonymous_27)
FN:382,(anonymous_28)
FN:406,(anonymous_29)
FN:432,(anonymous_30)
FN:451,(anonymous_31)
FN:453,(anonymous_32)
FN:483,(anonymous_33)
FN:508,(anonymous_34)
FN:584,(anonymous_35)
FN:589,(anonymous_36)
FN:594,(anonymous_37)
FN:599,(anonymous_38)
FN:604,(anonymous_39)
FN:610,(anonymous_40)
FN:615,(anonymous_41)
FNF:42
FNH:0
FNDA:0,(anonymous_0)
FNDA:0,(anonymous_1)
FNDA:0,(anonymous_2)
FNDA:0,(anonymous_3)
FNDA:0,(anonymous_4)
FNDA:0,(anonymous_5)
FNDA:0,(anonymous_6)
FNDA:0,(anonymous_7)
FNDA:0,(anonymous_8)
FNDA:0,(anonymous_9)
FNDA:0,(anonymous_10)
FNDA:0,(anonymous_11)
FNDA:0,(anonymous_12)
FNDA:0,(anonymous_13)
FNDA:0,(anonymous_14)
FNDA:0,(anonymous_15)
FNDA:0,(anonymous_16)
FNDA:0,(anonymous_17)
FNDA:0,(anonymous_18)
FNDA:0,(anonymous_19)
FNDA:0,(anonymous_20)
FNDA:0,(anonymous_21)
FNDA:0,(anonymous_22)
FNDA:0,(anonymous_23)
FNDA:0,(anonymous_24)
FNDA:0,(anonymous_25)
FNDA:0,(anonymous_26)
FNDA:0,(anonymous_27)
FNDA:0,(anonymous_28)
FNDA:0,(anonymous_29)
FNDA:0,(anonymous_30)
FNDA:0,(anonymous_31)
FNDA:0,(anonymous_32)
FNDA:0,(anonymous_33)
FNDA:0,(anonymous_34)
FNDA:0,(anonymous_35)
FNDA:0,(anonymous_36)
FNDA:0,(anonymous_37)
FNDA:0,(anonymous_38)
FNDA:0,(anonymous_39)
FNDA:0,(anonymous_40)
FNDA:0,(anonymous_41)
DA:6,0
DA:8,0
DA:13,0
DA:16,0
DA:17,0
DA:22,0
DA:23,0
DA:28,0
DA:33,0
DA:38,0
DA:43,0
DA:45,0
DA:46,0
DA:47,0
DA:49,0
DA:50,0
DA:59,0
DA:61,0
DA:70,0
DA:71,0
DA:73,0
DA:74,0
DA:80,0
DA:82,0
DA:83,0
DA:84,0
DA:85,0
DA:86,0
DA:89,0
DA:94,0
DA:95,0
DA:97,0
DA:98,0
DA:99,0
DA:100,0
DA:101,0
DA:103,0
DA:104,0
DA:109,0
DA:110,0
DA:111,0
DA:113,0
DA:114,0
DA:115,0
DA:117,0
DA:132,0
DA:135,0
DA:157,0
DA:164,0
DA:165,0
DA:167,0
DA:183,0
DA:184,0
DA:186,0
DA:187,0
DA:193,0
DA:194,0
DA:195,0
DA:197,0
DA:198,0
DA:199,0
DA:201,0
DA:215,0
DA:239,0
DA:246,0
DA:247,0
DA:249,0
DA:266,0
DA:267,0
DA:269,0
DA:270,0
DA:276,0
DA:277,0
DA:278,0
DA:280,0
DA:281,0
DA:282,0
DA:284,0
DA:300,0
DA:301,0
DA:319,0
DA:326,0
DA:327,0
DA:329,0
DA:346,0
DA:347,0
DA:349,0
DA:350,0
DA:356,0
DA:357,0
DA:358,0
DA:360,0
DA:361,0
DA:363,0
DA:374,0
DA:382,0
DA:396,0
DA:403,0
DA:404,0
DA:406,0
DA:423,0
DA:424,0
DA:426,0
DA:427,0
DA:433,0
DA:434,0
DA:435,0
DA:437,0
DA:438,0
DA:440,0
DA:451,0
DA:453,0
DA:473,0
DA:480,0
DA:481,0
DA:483,0
DA:499,0
DA:500,0
DA:502,0
DA:503,0
DA:509,0
DA:511,0
DA:512,0
DA:514,0
DA:518,0
DA:523,0
DA:527,0
DA:528,0
DA:538,0
DA:546,0
DA:555,0
DA:556,0
DA:557,0
DA:563,0
DA:564,0
DA:567,0
DA:578,0
DA:579,0
DA:586,0
DA:591,0
DA:596,0
DA:601,0
DA:606,0
DA:611,0
DA:612,0
DA:616,0
DA:624,0
LF:147
LH:0
BRDA:42,0,0,0
BRDA:43,1,0,0
BRDA:43,1,1,0
BRDA:47,2,0,0
BRDA:47,2,1,0
BRDA:65,3,0,0
BRDA:65,3,1,0
BRDA:80,4,0,0
BRDA:80,4,1,0
BRDA:94,5,0,0
BRDA:94,5,1,0
BRDA:95,6,0,0
BRDA:95,6,1,0
BRDA:108,7,0,0
BRDA:111,8,0,0
BRDA:111,8,1,0
BRDA:120,9,0,0
BRDA:120,9,1,0
BRDA:121,10,0,0
BRDA:121,10,1,0
BRDA:122,11,0,0
BRDA:122,11,1,0
BRDA:123,12,0,0
BRDA:123,12,1,0
BRDA:124,13,0,0
BRDA:124,13,1,0
BRDA:125,14,0,0
BRDA:125,14,1,0
BRDA:126,15,0,0
BRDA:126,15,1,0
BRDA:127,16,0,0
BRDA:127,16,1,0
BRDA:128,17,0,0
BRDA:128,17,1,0
BRDA:129,18,0,0
BRDA:129,18,1,0
BRDA:134,19,0,0
BRDA:134,19,1,0
BRDA:137,20,0,0
BRDA:137,20,1,0
BRDA:138,21,0,0
BRDA:138,21,1,0
BRDA:138,22,0,0
BRDA:138,22,1,0
BRDA:139,23,0,0
BRDA:139,23,1,0
BRDA:139,24,0,0
BRDA:139,24,1,0
BRDA:140,25,0,0
BRDA:140,25,1,0
BRDA:140,26,0,0
BRDA:140,26,1,0
BRDA:141,27,0,0
BRDA:141,27,1,0
BRDA:141,28,0,0
BRDA:141,28,1,0
BRDA:144,29,0,0
BRDA:144,29,1,0
BRDA:145,30,0,0
BRDA:145,30,1,0
BRDA:146,31,0,0
BRDA:146,31,1,0
BRDA:168,32,0,0
BRDA:168,32,1,0
BRDA:171,33,0,0
BRDA:171,33,1,0
BRDA:172,34,0,0
BRDA:172,34,1,0
BRDA:173,35,0,0
BRDA:173,35,1,0
BRDA:174,36,0,0
BRDA:174,36,1,0
BRDA:175,37,0,0
BRDA:175,37,1,0
BRDA:177,38,0,0
BRDA:177,38,1,0
BRDA:178,39,0,0
BRDA:178,39,1,0
BRDA:179,40,0,0
BRDA:179,40,1,0
BRDA:180,41,0,0
BRDA:180,41,1,0
BRDA:192,42,0,0
BRDA:195,43,0,0
BRDA:195,43,1,0
BRDA:204,44,0,0
BRDA:204,44,1,0
BRDA:205,45,0,0
BRDA:205,45,1,0
BRDA:206,46,0,0
BRDA:206,46,1,0
BRDA:207,47,0,0
BRDA:207,47,1,0
BRDA:208,48,0,0
BRDA:208,48,1,0
BRDA:209,49,0,0
BRDA:209,49,1,0
BRDA:210,50,0,0
BRDA:210,50,1,0
BRDA:211,51,0,0
BRDA:211,51,1,0
BRDA:212,52,0,0
BRDA:212,52,1,0
BRDA:214,53,0,0
BRDA:214,53,1,0
BRDA:217,54,0,0
BRDA:217,54,1,0
BRDA:218,55,0,0
BRDA:218,55,1,0
BRDA:218,56,0,0
BRDA:218,56,1,0
BRDA:219,57,0,0
BRDA:219,57,1,0
BRDA:219,58,0,0
BRDA:219,58,1,0
BRDA:220,59,0,0
BRDA:220,59,1,0
BRDA:220,60,0,0
BRDA:220,60,1,0
BRDA:223,61,0,0
BRDA:223,61,1,0
BRDA:224,62,0,0
BRDA:224,62,1,0
BRDA:225,63,0,0
BRDA:225,63,1,0
BRDA:226,64,0,0
BRDA:226,64,1,0
BRDA:253,65,0,0
BRDA:253,65,1,0
BRDA:254,66,0,0
BRDA:254,66,1,0
BRDA:255,67,0,0
BRDA:255,67,1,0
BRDA:256,68,0,0
BRDA:256,68,1,0
BRDA:259,69,0,0
BRDA:259,69,1,0
BRDA:260,70,0,0
BRDA:260,70,1,0
BRDA:261,71,0,0
BRDA:261,71,1,0
BRDA:262,72,0,0
BRDA:262,72,1,0
BRDA:263,73,0,0
BRDA:263,73,1,0
BRDA:275,74,0,0
BRDA:278,75,0,0
BRDA:278,75,1,0
BRDA:287,76,0,0
BRDA:287,76,1,0
BRDA:288,77,0,0
BRDA:288,77,1,0
BRDA:289,78,0,0
BRDA:289,78,1,0
BRDA:290,79,0,0
BRDA:290,79,1,0
BRDA:291,80,0,0
BRDA:291,80,1,0
BRDA:293,81,0,0
BRDA:293,81,1,0
BRDA:294,82,0,0
BRDA:294,82,1,0
BRDA:294,83,0,0
BRDA:294,83,1,0
BRDA:295,84,0,0
BRDA:295,84,1,0
BRDA:295,85,0,0
BRDA:295,85,1,0
BRDA:299,86,0,0
BRDA:299,86,1,0
BRDA:304,87,0,0
BRDA:304,87,1,0
BRDA:305,88,0,0
BRDA:305,88,1,0
BRDA:306,89,0,0
BRDA:306,89,1,0
BRDA:330,90,0,0
BRDA:330,90,1,0
BRDA:333,91,0,0
BRDA:333,91,1,0
BRDA:334,92,0,0
BRDA:334,92,1,0
BRDA:335,93,0,0
BRDA:335,93,1,0
BRDA:336,94,0,0
BRDA:336,94,1,0
BRDA:339,95,0,0
BRDA:339,95,1,0
BRDA:340,96,0,0
BRDA:340,96,1,0
BRDA:341,97,0,0
BRDA:341,97,1,0
BRDA:342,98,0,0
BRDA:342,98,1,0
BRDA:343,99,0,0
BRDA:343,99,1,0
BRDA:355,100,0,0
BRDA:358,101,0,0
BRDA:358,101,1,0
BRDA:366,102,0,0
BRDA:366,102,1,0
BRDA:367,103,0,0
BRDA:367,103,1,0
BRDA:368,104,0,0
BRDA:368,104,1,0
BRDA:369,105,0,0
BRDA:369,105,1,0
BRDA:370,106,0,0
BRDA:370,106,1,0
BRDA:371,107,0,0
BRDA:371,107,1,0
BRDA:373,108,0,0
BRDA:373,108,1,0
BRDA:375,109,0,0
BRDA:375,109,1,0
BRDA:378,110,0,0
BRDA:378,110,1,0
BRDA:379,111,0,0
BRDA:379,111,1,0
BRDA:380,112,0,0
BRDA:380,112,1,0
BRDA:410,113,0,0
BRDA:410,113,1,0
BRDA:411,114,0,0
BRDA:411,114,1,0
BRDA:412,115,0,0
BRDA:412,115,1,0
BRDA:413,116,0,0
BRDA:413,116,1,0
BRDA:416,117,0,0
BRDA:416,117,1,0
BRDA:417,118,0,0
BRDA:417,118,1,0
BRDA:418,119,0,0
BRDA:418,119,1,0
BRDA:419,120,0,0
BRDA:419,120,1,0
BRDA:420,121,0,0
BRDA:420,121,1,0
BRDA:435,122,0,0
BRDA:435,122,1,0
BRDA:443,123,0,0
BRDA:443,123,1,0
BRDA:444,124,0,0
BRDA:444,124,1,0
BRDA:445,125,0,0
BRDA:445,125,1,0
BRDA:446,126,0,0
BRDA:446,126,1,0
BRDA:447,127,0,0
BRDA:447,127,1,0
BRDA:448,128,0,0
BRDA:448,128,1,0
BRDA:450,129,0,0
BRDA:450,129,1,0
BRDA:456,130,0,0
BRDA:456,130,1,0
BRDA:457,131,0,0
BRDA:457,131,1,0
BRDA:458,132,0,0
BRDA:458,132,1,0
BRDA:459,133,0,0
BRDA:459,133,1,0
BRDA:484,134,0,0
BRDA:484,134,1,0
BRDA:487,135,0,0
BRDA:487,135,1,0
BRDA:488,136,0,0
BRDA:488,136,1,0
BRDA:489,137,0,0
BRDA:489,137,1,0
BRDA:490,138,0,0
BRDA:490,138,1,0
BRDA:493,139,0,0
BRDA:493,139,1,0
BRDA:494,140,0,0
BRDA:494,140,1,0
BRDA:495,141,0,0
BRDA:495,141,1,0
BRDA:496,142,0,0
BRDA:496,142,1,0
BRDA:512,143,0,0
BRDA:512,143,1,0
BRDA:527,144,0,0
BRDA:527,144,1,0
BRF:285
BRH:0
end_of_record
TN:
SF:services/imageAnalysisService.js
FN:14,(anonymous_0)
FN:20,(anonymous_1)
FN:85,(anonymous_2)
FN:146,(anonymous_3)
FN:207,(anonymous_4)
FN:272,(anonymous_5)
FN:287,(anonymous_6)
FN:288,(anonymous_7)
FN:289,(anonymous_8)
FN:297,(anonymous_9)
FNF:10
FNH:0
FNDA:0,(anonymous_0)
FNDA:0,(anonymous_1)
FNDA:0,(anonymous_2)
FNDA:0,(anonymous_3)
FNDA:0,(anonymous_4)
FNDA:0,(anonymous_5)
FNDA:0,(anonymous_6)
FNDA:0,(anonymous_7)
FNDA:0,(anonymous_8)
FNDA:0,(anonymous_9)
DA:7,0
DA:9,0
DA:15,0
DA:16,0
DA:21,0
DA:23,0
DA:24,0
DA:28,0
DA:30,0
DA:43,0
DA:63,0
DA:64,0
DA:66,0
DA:79,0
DA:80,0
DA:86,0
DA:87,0
DA:88,0
DA:91,0
DA:93,0
DA:106,0
DA:126,0
DA:127,0
DA:129,0
DA:140,0
DA:141,0
DA:147,0
DA:148,0
DA:149,0
DA:152,0
DA:154,0
DA:167,0
DA:187,0
DA:188,0
DA:190,0
DA:201,0
DA:202,0
DA:208,0
DA:209,0
DA:210,0
DA:213,0
DA:215,0
DA:217,0
DA:231,0
DA:251,0
DA:252,0
DA:254,0
DA:266,0
DA:267,0
DA:273,0
DA:274,0
DA:275,0
DA:276,0
DA:279,0
DA:280,0
DA:282,0
DA:288,0
DA:289,0
DA:290,0
DA:291,0
DA:298,0
DA:300,0
DA:301,0
DA:303,0
DA:305,0
DA:306,0
DA:308,0
DA:309,0
DA:311,0
DA:312,0
DA:314,0
DA:315,0
DA:317,0
DA:320,0
DA:326,0
DA:334,0
DA:338,0
LF:77
LH:0
BRDA:20,0,0,0
BRDA:23,1,0,0
BRDA:23,1,1,0
BRDA:67,2,0,0
BRDA:67,2,1,0
BRDA:68,3,0,0
BRDA:68,3,1,0
BRDA:69,4,0,0
BRDA:69,4,1,0
BRDA:70,5,0,0
BRDA:70,5,1,0
BRDA:71,6,0,0
BRDA:71,6,1,0
BRDA:72,7,0,0
BRDA:72,7,1,0
BRDA:73,8,0,0
BRDA:73,8,1,0
BRDA:74,9,0,0
BRDA:74,9,1,0
BRDA:75,10,0,0
BRDA:75,10,1,0
BRDA:76,11,0,0
BRDA:76,11,1,0
BRDA:87,12,0,0
BRDA:87,12,1,0
BRDA:130,13,0,0
BRDA:130,13,1,0
BRDA:131,14,0,0
BRDA:131,14,1,0
BRDA:132,15,0,0
BRDA:132,15,1,0
BRDA:133,16,0,0
BRDA:133,16,1,0
BRDA:134,17,0,0
BRDA:134,17,1,0
BRDA:135,18,0,0
BRDA:135,18,1,0
BRDA:136,19,0,0
BRDA:136,19,1,0
BRDA:137,20,0,0
BRDA:137,20,1,0
BRDA:148,21,0,0
BRDA:148,21,1,0
BRDA:191,22,0,0
BRDA:191,22,1,0
BRDA:192,23,0,0
BRDA:192,23,1,0
BRDA:193,24,0,0
BRDA:193,24,1,0
BRDA:194,25,0,0
BRDA:194,25,1,0
BRDA:195,26,0,0
BRDA:195,26,1,0
BRDA:196,27,0,0
BRDA:196,27,1,0
BRDA:197,28,0,0
BRDA:197,28,1,0
BRDA:198,29,0,0
BRDA:198,29,1,0
BRDA:207,30,0,0
BRDA:209,31,0,0
BRDA:209,31,1,0
BRDA:215,32,0,0
BRDA:215,32,1,0
BRDA:255,33,0,0
BRDA:255,33,1,0
BRDA:256,34,0,0
BRDA:256,34,1,0
BRDA:257,35,0,0
BRDA:257,35,1,0
BRDA:258,36,0,0
BRDA:258,36,1,0
BRDA:259,37,0,0
BRDA:259,37,1,0
BRDA:260,38,0,0
BRDA:260,38,1,0
BRDA:261,39,0,0
BRDA:261,39,1,0
BRDA:262,40,0,0
BRDA:262,40,1,0
BRDA:263,41,0,0
BRDA:263,41,1,0
BRDA:275,42,0,0
BRDA:275,42,1,0
BRDA:290,43,0,0
BRDA:290,43,1,0
BRDA:297,44,0,0
BRDA:303,45,0,0
BRDA:303,45,1,0
BRDA:303,45,2,0
BRDA:303,45,3,0
BRDA:303,45,4,0
BRF:92
BRH:0
end_of_record
TN:
SF:services/openaiService.js
FN:10,(anonymous_0)
FN:27,(anonymous_1)
FN:47,(anonymous_2)
FN:65,(anonymous_3)
FN:104,(anonymous_4)
FN:121,(anonymous_5)
FN:154,(anonymous_6)
FN:171,(anonymous_7)
FN:202,(anonymous_8)
FN:219,(anonymous_9)
FN:228,(anonymous_10)
FN:250,(anonymous_11)
FN:268,fallbackDegradationPredictions
FN:286,fallbackCropRecommendations
FN:304,fallbackRestorationSuggestions
FN:322,fallbackFertilizerOptimizations
FN:341,fallbackWaterManagement
FNF:17
FNH:0
FNDA:0,(anonymous_0)
FNDA:0,(anonymous_1)
FNDA:0,(anonymous_2)
FNDA:0,(anonymous_3)
FNDA:0,(anonymous_4)
FNDA:0,(anonymous_5)
FNDA:0,(anonymous_6)
FNDA:0,(anonymous_7)
FNDA:0,(anonymous_8)
FNDA:0,(anonymous_9)
FNDA:0,(anonymous_10)
FNDA:0,(anonymous_11)
FNDA:0,fallbackDegradationPredictions
FNDA:0,fallbackCropRecommendations
FNDA:0,fallbackRestorationSuggestions
FNDA:0,fallbackFertilizerOptimizations
FNDA:0,fallbackWaterManagement
DA:4,0
DA:6,0
DA:10,0
DA:11,0
DA:12,0
DA:27,0
DA:37,0
DA:44,0
DA:45,0
DA:47,0
DA:59,0
DA:61,0
DA:65,0
DA:66,0
DA:67,0
DA:94,0
DA:101,0
DA:102,0
DA:104,0
DA:116,0
DA:117,0
DA:121,0
DA:122,0
DA:123,0
DA:144,0
DA:151,0
DA:152,0
DA:154,0
DA:166,0
DA:167,0
DA:171,0
DA:172,0
DA:173,0
DA:192,0
DA:199,0
DA:200,0
DA:202,0
DA:214,0
DA:215,0
DA:219,0
DA:220,0
DA:221,0
DA:228,0
DA:240,0
DA:247,0
DA:248,0
DA:250,0
DA:262,0
DA:263,0
DA:269,0
DA:270,0
DA:271,0
DA:283,0
DA:287,0
DA:288,0
DA:289,0
DA:301,0
DA:305,0
DA:306,0
DA:307,0
DA:319,0
DA:323,0
DA:324,0
DA:325,0
DA:326,0
DA:338,0
DA:342,0
DA:343,0
DA:344,0
DA:345,0
DA:346,0
DA:358,0
LF:72
LH:0
BRDA:15,0,0,0
BRDA:15,0,1,0
BRDA:16,1,0,0
BRDA:16,1,1,0
BRDA:17,2,0,0
BRDA:17,2,1,0
BRDA:18,3,0,0
BRDA:18,3,1,0
BRDA:19,4,0,0
BRDA:19,4,1,0
BRDA:20,5,0,0
BRDA:20,5,1,0
BRDA:21,6,0,0
BRDA:21,6,1,0
BRDA:22,7,0,0
BRDA:22,7,1,0
BRDA:23,8,0,0
BRDA:23,8,1,0
BRDA:24,9,0,0
BRDA:24,9,1,0
BRDA:48,10,0,0
BRDA:48,10,1,0
BRDA:51,11,0,0
BRDA:51,11,1,0
BRDA:52,12,0,0
BRDA:52,12,1,0
BRDA:53,13,0,0
BRDA:53,13,1,0
BRDA:54,14,0,0
BRDA:54,14,1,0
BRDA:55,15,0,0
BRDA:55,15,1,0
BRDA:70,16,0,0
BRDA:70,16,1,0
BRDA:71,17,0,0
BRDA:71,17,1,0
BRDA:72,18,0,0
BRDA:72,18,1,0
BRDA:73,19,0,0
BRDA:73,19,1,0
BRDA:74,20,0,0
BRDA:74,20,1,0
BRDA:75,21,0,0
BRDA:75,21,1,0
BRDA:76,22,0,0
BRDA:76,22,1,0
BRDA:77,23,0,0
BRDA:77,23,1,0
BRDA:78,24,0,0
BRDA:78,24,1,0
BRDA:81,25,0,0
BRDA:81,25,1,0
BRDA:82,26,0,0
BRDA:82,26,1,0
BRDA:108,27,0,0
BRDA:108,27,1,0
BRDA:109,28,0,0
BRDA:109,28,1,0
BRDA:110,29,0,0
BRDA:110,29,1,0
BRDA:111,30,0,0
BRDA:111,30,1,0
BRDA:126,31,0,0
BRDA:126,31,1,0
BRDA:127,32,0,0
BRDA:127,32,1,0
BRDA:128,33,0,0
BRDA:128,33,1,0
BRDA:129,34,0,0
BRDA:129,34,1,0
BRDA:155,35,0,0
BRDA:155,35,1,0
BRDA:158,36,0,0
BRDA:158,36,1,0
BRDA:159,37,0,0
BRDA:159,37,1,0
BRDA:160,38,0,0
BRDA:160,38,1,0
BRDA:161,39,0,0
BRDA:161,39,1,0
BRDA:176,40,0,0
BRDA:176,40,1,0
BRDA:177,41,0,0
BRDA:177,41,1,0
BRDA:178,42,0,0
BRDA:178,42,1,0
BRDA:179,43,0,0
BRDA:179,43,1,0
BRDA:180,44,0,0
BRDA:180,44,1,0
BRDA:206,45,0,0
BRDA:206,45,1,0
BRDA:207,46,0,0
BRDA:207,46,1,0
BRDA:208,47,0,0
BRDA:208,47,1,0
BRDA:209,48,0,0
BRDA:209,48,1,0
BRDA:224,49,0,0
BRDA:224,49,1,0
BRDA:225,50,0,0
BRDA:225,50,1,0
BRDA:226,51,0,0
BRDA:226,51,1,0
BRDA:251,52,0,0
BRDA:251,52,1,0
BRDA:254,53,0,0
BRDA:254,53,1,0
BRDA:255,54,0,0
BRDA:255,54,1,0
BRDA:256,55,0,0
BRDA:256,55,1,0
BRDA:257,56,0,0
BRDA:257,56,1,0
BRDA:270,57,0,0
BRDA:270,57,1,0
BRDA:270,58,0,0
BRDA:270,58,1,0
BRDA:288,59,0,0
BRDA:288,59,1,0
BRDA:288,60,0,0
BRDA:288,60,1,0
BRDA:288,60,2,0
BRDA:306,61,0,0
BRDA:306,61,1,0
BRDA:324,62,0,0
BRDA:324,62,1,0
BRDA:343,63,0,0
BRDA:343,63,1,0
BRF:129
BRH:0
end_of_record
